<?xml version="1.0" encoding="UTF-8"?>
<!DOCTYPE beans PUBLIC "-//SPRING//DTD BEAN 2.0//EN"
          "http://www.springframework.org/dtd/spring-beans-2.0.dtd">

<!--
  - Application context for the remote OrderService client.
	- Defines various OrderService proxies to be called by OrderServiceClient.
	-->
<beans>

	<!-- Resolves ${...} placeholders from client.properties -->
	<bean id="propertyConfigurer" class="org.springframework.beans.factory.config.PropertyPlaceholderConfigurer">
		<property name="locations">
			<list>
				<value>classpath:jdbc.properties</value>
			</list>
		</property>
	</bean>

	<!-- See Image Database for an example of using C3P0 ComboPooledDataSource as alternative -->
	<bean id="dataSource"
		class="org.springframework.jdbc.datasource.DriverManagerDataSource">
		<property name="driverClassName" value="${jdbc.driverClassName}"/>
		<property name="url" value="${jdbc.url}"/>
		<property name="username" value="${jdbc.username}"/>
		<property name="password" value="${jdbc.password}"/>
	</bean>

    <!-- Hibernate SessionFactory -->
    <bean id="sessionFactory"
        class="org.springframework.orm.hibernate3.LocalSessionFactoryBean">
        <property name="dataSource" ref="dataSource"/>
        
        <property name="configLocation">
            <value>classpath:hibernate.cfg.xml</value>
        </property>
        
        <property name="configurationClass">
            <value>org.hibernate.cfg.AnnotationConfiguration</value>
        </property>
        
        <property name="hibernateProperties">
            <props>
                <prop key="hibernate.dialect">
                    org.hibernate.dialect.HSQLDialect</prop>
                <prop key="hibernate.show_sql">true</prop>
                <prop key="hibernate.generate_statistics">true</prop>
            </props>
        </property>
    </bean>
    
    <!-- Transaction manager for a single Hibernate SessionFactory (alternative to JTA) -->
    
    <bean id="transactionManager" class="org.springframework.orm.hibernate3.HibernateTransactionManager">
        <property name="sessionFactory" ref="sessionFactory"/>
    </bean>

    <bean id="messageSource" class="org.springframework.context.support.ReloadableResourceBundleMessageSource">
        <property name="basenames">
            <value>messages</value>
        </property>
    </bean>

    <bean id="auditService" autowire="byName" dependency-check="objects" class="org.tonguetied.service.AuditServiceImpl" />
    
    <bean id="appService" autowire="byName" dependency-check="objects" class="org.tonguetied.service.ApplicationServiceImpl" />
    
    <bean id="userService" autowire="byName" dependency-check="objects" class="org.tonguetied.service.UserServiceImpl" />

    <bean id="userDetailsService" autowire="byName" dependency-check="objects" class="org.tonguetied.service.UserDetailsServiceImpl" />
    
	<bean id="daoRepository" class="org.tonguetied.dao.DaoRepositoryImpl">
        <property name="sessionFactory" ref="sessionFactory"/>
	</bean>
</beans>