<?xml version="1.0" encoding="UTF-8"?>
<beans xmlns="http://www.springframework.org/schema/beans"
       xmlns:xsi="http://www.w3.org/2001/XMLSchema-instance"
       xsi:schemaLocation="
http://www.springframework.org/schema/beans http://www.springframework.org/schema/beans/spring-beans-2.5.xsd">

	<!-- Resolves ${...} placeholders from client.properties -->
	<bean id="propertyConfigurer" class="org.springframework.beans.factory.config.PropertyPlaceholderConfigurer">
		<property name="locations">
			<list>
                <value>classpath:jdbc.properties</value>
				<value>classpath:test.properties</value>
			</list>
		</property>
	</bean>

	<!-- See Image Database for an example of using C3P0 ComboPooledDataSource as alternative -->
	<bean id="dataSource"
		class="org.springframework.jdbc.datasource.DriverManagerDataSource">
		<property name="driverClassName" value="${jdbc.driverClassName}"/>
		<property name="url" value="${jdbc.url}"/>
		<property name="username" value="${jdbc.username}"/>
		<property name="password" value="${jdbc.password}"/>
	</bean>

    <!-- Hibernate SessionFactory -->
    <bean id="sessionFactory"
        class="org.springframework.orm.hibernate3.LocalSessionFactoryBean">
        <property name="dataSource" ref="dataSource"/>
        
        <property name="configLocation">
            <value>classpath:hibernate.cfg.xml</value>
        </property>
        
        <property name="configurationClass">
            <value>org.hibernate.cfg.AnnotationConfiguration</value>
        </property>
        
        <property name="hibernateProperties">
            <props>
                <prop key="hibernate.dialect">
                    org.hibernate.dialect.HSQLDialect</prop>
                <prop key="hibernate.show_sql">true</prop>
                <prop key="hibernate.generate_statistics">true</prop>
            </props>
        </property>
    </bean>
    
    <!-- Transaction manager for a single Hibernate SessionFactory (alternative to JTA) -->
    
    <bean id="transactionManager" class="org.springframework.orm.hibernate3.HibernateTransactionManager">
        <property name="sessionFactory" ref="sessionFactory"/>
    </bean>

    <bean id="messageSource" class="org.springframework.context.support.ReloadableResourceBundleMessageSource">
        <property name="basenames">
            <value>messages</value>
        </property>
    </bean>

    <bean id="auditService" autowire="byName" dependency-check="objects" class="org.tonguetied.audit.AuditServiceImpl" />
    
    <bean id="exportService" dependency-check="objects" class="org.tonguetied.datatransfer.ExportServiceImpl" init-method="init">
        <property name="transferRepository" ref="transferRepository"/>
        <property name="sourceRoot" value="${source.root}"/>
        <property name="outputRoot" value="${output.root}"/>
    </bean>
    
    <bean id="keywordService" autowire="byName" dependency-check="objects" class="org.tonguetied.keywordmanagement.KeywordServiceImpl" />
    
    <bean id="userService" autowire="byName" dependency-check="objects" class="org.tonguetied.usermanagement.UserServiceImpl" />

    <bean id="userDetailsService" autowire="byName" dependency-check="objects" class="org.tonguetied.usermanagement.UserDetailsServiceImpl" />
    
    <bean id="auditRepository" class="org.tonguetied.audit.AuditRepositoryImpl">
        <property name="sessionFactory" ref="sessionFactory"/>
    </bean>
    <bean id="keywordRepository" class="org.tonguetied.keywordmanagement.KeywordRepositoryImpl">
        <property name="sessionFactory" ref="sessionFactory"/>
    </bean>
    <bean id="transferRepository" class="org.tonguetied.datatransfer.TransferRepositoryImpl">
        <property name="sessionFactory" ref="sessionFactory"/>
    </bean>
	<bean id="userRepository" class="org.tonguetied.usermanagement.UserRepositoryImpl">
        <property name="sessionFactory" ref="sessionFactory"/>
	</bean>
</beans>